2021-09-08 11:22:49,331 INFO  - Starting ServiceWrapper in the CLI mode
2021-09-08 11:22:49,921 INFO  - Completed. Exit code is 0
2021-09-08 11:22:53,844 INFO  - Starting ServiceWrapper in the CLI mode
2021-09-08 11:22:54,171 WARN  - User requested the status
2021-09-08 11:22:54,179 INFO  - Completed. Exit code is 0
2021-09-08 11:22:58,782 INFO  - Starting ServiceWrapper in the CLI mode
2021-09-08 11:22:59,263 INFO  - Starting ServiceWrapper in the service mode
2021-09-08 11:22:59,285 INFO  - Completed. Exit code is 0
2021-09-08 11:22:59,538 INFO  - Starting java  -Dspring.application.admin.enabled=true -Dcom.sun.management.jmxremote.port=50201 -Dcom.sun.management.jmxremote.authenticate=false -Dcom.sun.management.jmxremote.ssl=false -jar SpringBootWindowsService.jar 
2021-09-08 11:22:59,542 INFO  - Starting java  -Dspring.application.admin.enabled=true -Dcom.sun.management.jmxremote.port=50201 -Dcom.sun.management.jmxremote.authenticate=false -Dcom.sun.management.jmxremote.ssl=false -jar SpringBootWindowsService.jar 
2021-09-08 11:22:59,651 INFO  - Started process 10792
2021-09-08 11:23:04,261 INFO  - Starting ServiceWrapper in the CLI mode
2021-09-08 11:23:04,567 WARN  - User requested the status
2021-09-08 11:23:04,571 INFO  - Completed. Exit code is 0
2021-09-08 11:23:14,776 INFO  - Starting ServiceWrapper in the CLI mode
2021-09-08 11:23:15,097 INFO  - Completed. Exit code is 0
2021-09-08 11:23:15,101 INFO  - Stopping yevhen
2021-09-08 11:23:15,106 INFO  - Started process 16500
2021-09-08 11:23:15,107 DEBUG - WaitForProcessToExit 10792+16500
2021-09-08 11:23:17,403 INFO  - Starting ServiceWrapper in the CLI mode
2021-09-08 11:23:17,705 WARN  - User requested the status
2021-09-08 11:23:17,708 INFO  - Completed. Exit code is 0
2021-09-08 11:23:25,158 INFO  - Starting ServiceWrapper in the CLI mode
2021-09-08 11:23:25,463 WARN  - User requested the status
2021-09-08 11:23:25,466 INFO  - Completed. Exit code is 0
2021-09-08 11:24:48,932 INFO  - Starting ServiceWrapper in the CLI mode
2021-09-08 11:24:49,249 WARN  - User requested the status
2021-09-08 11:24:49,252 INFO  - Completed. Exit code is 0
2021-09-08 11:24:57,677 INFO  - Starting ServiceWrapper in the CLI mode
2021-09-08 11:24:57,988 INFO  - Uninstalling the service with id 'yevhen'
2021-09-08 11:24:57,991 WARN  - The service with id 'yevhen' is running. It may be impossible to uninstall it
2021-09-08 11:24:57,996 INFO  - Completed. Exit code is 0
2021-09-08 11:25:36,862 INFO  - Starting ServiceWrapper in the CLI mode
2021-09-08 11:25:37,190 FATAL - WMI Operation failure: InvalidServiceControl
WMI.WmiException: InvalidServiceControl
   â WMI.WmiRoot.BaseHandler.CheckError(ManagementBaseObject result)
   â WMI.WmiRoot.InstanceHandler.Invoke(Object proxy, MethodInfo method, Object[] args)
   â WMI.Win32ServiceProxy.StopService()
   â winsw.WrapperService.Run(String[] _args, ServiceDescriptor descriptor)
   â winsw.WrapperService.Main(String[] args)
2021-09-08 11:25:41,552 INFO  - Starting ServiceWrapper in the CLI mode
2021-09-08 11:25:41,858 WARN  - User requested the status
2021-09-08 11:25:41,861 INFO  - Completed. Exit code is 0
2021-09-08 11:25:49,368 INFO  - Starting ServiceWrapper in the CLI mode
2021-09-08 11:25:49,680 FATAL - WMI Operation failure: InvalidServiceControl
WMI.WmiException: InvalidServiceControl
   â WMI.WmiRoot.BaseHandler.CheckError(ManagementBaseObject result)
   â WMI.WmiRoot.InstanceHandler.Invoke(Object proxy, MethodInfo method, Object[] args)
   â WMI.Win32ServiceProxy.StopService()
   â winsw.WrapperService.Run(String[] _args, ServiceDescriptor descriptor)
   â winsw.WrapperService.Main(String[] args)
2021-09-08 11:26:48,080 INFO  - Starting ServiceWrapper in the CLI mode
2021-09-08 11:26:48,403 INFO  - Completed. Exit code is 0
2021-09-08 11:26:53,879 INFO  - Starting ServiceWrapper in the CLI mode
2021-09-08 11:26:54,188 WARN  - User requested the status
2021-09-08 11:26:54,192 INFO  - Completed. Exit code is 0
2021-09-08 11:26:57,118 INFO  - Starting ServiceWrapper in the CLI mode
2021-09-08 11:26:57,568 INFO  - Starting ServiceWrapper in the service mode
2021-09-08 11:26:57,679 INFO  - Completed. Exit code is 0
2021-09-08 11:26:57,758 INFO  - Starting java  -Dspring.application.admin.enabled=true -Dcom.sun.management.jmxremote.port=50201 -Dcom.sun.management.jmxremote.authenticate=false -Dcom.sun.management.jmxremote.ssl=false -jar SpringBootWindowsService.jar 
2021-09-08 11:26:57,762 INFO  - Starting java  -Dspring.application.admin.enabled=true -Dcom.sun.management.jmxremote.port=50201 -Dcom.sun.management.jmxremote.authenticate=false -Dcom.sun.management.jmxremote.ssl=false -jar SpringBootWindowsService.jar 
2021-09-08 11:26:57,869 INFO  - Started process 15020
2021-09-08 11:26:59,472 INFO  - Starting ServiceWrapper in the CLI mode
2021-09-08 11:26:59,781 WARN  - User requested the status
2021-09-08 11:26:59,785 INFO  - Completed. Exit code is 0
2021-09-08 11:27:03,102 INFO  - Starting ServiceWrapper in the CLI mode
2021-09-08 11:27:03,412 WARN  - User requested the status
2021-09-08 11:27:03,415 INFO  - Completed. Exit code is 0
2021-09-08 11:27:06,351 INFO  - Starting ServiceWrapper in the CLI mode
2021-09-08 11:27:06,657 WARN  - User requested the status
2021-09-08 11:27:06,660 INFO  - Completed. Exit code is 0
2021-09-08 11:27:08,943 INFO  - Starting ServiceWrapper in the CLI mode
2021-09-08 11:27:09,387 INFO  - Starting ServiceWrapper in the service mode
2021-09-08 11:27:09,406 INFO  - Completed. Exit code is 0
2021-09-08 11:27:09,429 INFO  - Starting java  -Dspring.application.admin.enabled=true -Dcom.sun.management.jmxremote.port=50201 -Dcom.sun.management.jmxremote.authenticate=false -Dcom.sun.management.jmxremote.ssl=false -jar SpringBootWindowsService.jar 
2021-09-08 11:27:09,530 INFO  - Started process 14156
2021-09-08 11:27:12,337 INFO  - Starting ServiceWrapper in the CLI mode
2021-09-08 11:27:12,641 WARN  - User requested the status
2021-09-08 11:27:12,644 INFO  - Completed. Exit code is 0
2021-09-08 11:27:17,032 INFO  - Starting ServiceWrapper in the CLI mode
2021-09-08 11:27:17,339 FATAL - Unhandled exception
System.Exception: Installation failure: Service with id 'yev' already exists
   â winsw.WrapperService.Run(String[] _args, ServiceDescriptor descriptor)
   â winsw.WrapperService.Main(String[] args)
2021-09-08 11:28:27,247 INFO  - Starting ServiceWrapper in the CLI mode
2021-09-08 11:28:27,558 FATAL - Unhandled exception
System.Exception: Installation failure: Service with id 'yev' already exists
   â winsw.WrapperService.Run(String[] _args, ServiceDescriptor descriptor)
   â winsw.WrapperService.Main(String[] args)
2021-09-08 11:28:29,165 INFO  - Starting ServiceWrapper in the CLI mode
2021-09-08 11:28:29,463 WARN  - User requested the status
2021-09-08 11:28:29,466 INFO  - Completed. Exit code is 0
2021-09-08 11:28:31,381 INFO  - Starting ServiceWrapper in the CLI mode
2021-09-08 11:28:31,823 INFO  - Starting ServiceWrapper in the service mode
2021-09-08 11:28:31,843 INFO  - Completed. Exit code is 0
2021-09-08 11:28:31,855 INFO  - Starting java  -Dspring.application.admin.enabled=true -Dcom.sun.management.jmxremote.port=50201 -Dcom.sun.management.jmxremote.authenticate=false -Dcom.sun.management.jmxremote.ssl=false -jar SpringBootWindowsService.jar 
2021-09-08 11:28:31,858 INFO  - Starting java  -Dspring.application.admin.enabled=true -Dcom.sun.management.jmxremote.port=50201 -Dcom.sun.management.jmxremote.authenticate=false -Dcom.sun.management.jmxremote.ssl=false -jar SpringBootWindowsService.jar 
2021-09-08 11:28:31,958 INFO  - Started process 11268
2021-09-08 11:28:33,154 INFO  - Starting ServiceWrapper in the CLI mode
2021-09-08 11:28:33,459 WARN  - User requested the status
2021-09-08 11:28:33,463 INFO  - Completed. Exit code is 0
2021-09-08 11:28:34,561 INFO  - Starting ServiceWrapper in the CLI mode
2021-09-08 11:28:34,865 WARN  - User requested the status
2021-09-08 11:28:34,868 INFO  - Completed. Exit code is 0
2021-09-08 11:29:49,794 INFO  - Starting ServiceWrapper in the service mode
2021-09-08 11:29:49,827 INFO  - Starting java  -Dspring.application.admin.enabled=true -Dcom.sun.management.jmxremote.port=50201 -Dcom.sun.management.jmxremote.authenticate=false -Dcom.sun.management.jmxremote.ssl=false -jar SpringBootWindowsService.jar 
2021-09-08 11:29:49,832 INFO  - Starting java  -Dspring.application.admin.enabled=true -Dcom.sun.management.jmxremote.port=50201 -Dcom.sun.management.jmxremote.authenticate=false -Dcom.sun.management.jmxremote.ssl=false -jar SpringBootWindowsService.jar 
2021-09-08 11:29:49,941 INFO  - Started process 16912
2021-09-08 11:30:35,091 INFO  - Starting ServiceWrapper in the CLI mode
2021-09-08 11:30:35,405 INFO  - Uninstalling the service with id 'yev'
2021-09-08 11:30:35,412 INFO  - Completed. Exit code is 0
2021-09-08 11:30:41,581 INFO  - Starting ServiceWrapper in the CLI mode
2021-09-08 11:30:41,890 WARN  - User requested the status
2021-09-08 11:30:41,891 INFO  - Completed. Exit code is 0
2021-09-08 11:30:45,015 INFO  - Starting ServiceWrapper in the CLI mode
2021-09-08 11:30:45,314 FATAL - WMI Operation failure: NoSuchService
WMI.WmiException: NoSuchService
   â winsw.WrapperService.ThrowNoSuchService()
   â winsw.WrapperService.Run(String[] _args, ServiceDescriptor descriptor)
   â winsw.WrapperService.Main(String[] args)
2021-09-08 11:30:51,776 INFO  - Starting ServiceWrapper in the CLI mode
2021-09-08 11:30:52,093 INFO  - Completed. Exit code is 0
2021-09-08 11:30:54,169 INFO  - Starting ServiceWrapper in the CLI mode
2021-09-08 11:30:54,618 INFO  - Starting ServiceWrapper in the service mode
2021-09-08 11:30:54,638 INFO  - Completed. Exit code is 0
2021-09-08 11:30:54,651 INFO  - Starting java  -Dspring.application.admin.enabled=true -Dcom.sun.management.jmxremote.port=50201 -Dcom.sun.management.jmxremote.authenticate=false -Dcom.sun.management.jmxremote.ssl=false -jar SpringBootWindowsService.jar 
2021-09-08 11:30:54,654 INFO  - Starting java  -Dspring.application.admin.enabled=true -Dcom.sun.management.jmxremote.port=50201 -Dcom.sun.management.jmxremote.authenticate=false -Dcom.sun.management.jmxremote.ssl=false -jar SpringBootWindowsService.jar 
2021-09-08 11:30:54,756 INFO  - Started process 7968
2021-09-08 11:31:01,535 INFO  - Starting ServiceWrapper in the CLI mode
2021-09-08 11:31:01,839 WARN  - User requested the status
2021-09-08 11:31:01,843 INFO  - Completed. Exit code is 0
2021-09-08 11:31:03,752 INFO  - Starting ServiceWrapper in the CLI mode
2021-09-08 11:31:04,055 WARN  - User requested the status
2021-09-08 11:31:04,058 INFO  - Completed. Exit code is 0
2021-09-08 11:32:29,958 INFO  - Starting ServiceWrapper in the service mode
2021-09-08 11:32:30,059 INFO  - Starting java  -Dspring.application.admin.enabled=true -Dcom.sun.management.jmxremote.port=50201 -Dcom.sun.management.jmxremote.authenticate=false -Dcom.sun.management.jmxremote.ssl=false -jar SpringBootWindowsService.jar 
2021-09-08 11:32:30,069 INFO  - Starting java  -Dspring.application.admin.enabled=true -Dcom.sun.management.jmxremote.port=50201 -Dcom.sun.management.jmxremote.authenticate=false -Dcom.sun.management.jmxremote.ssl=false -jar SpringBootWindowsService.jar 
2021-09-08 11:32:30,099 INFO  - Started process 7216
2021-09-08 11:36:14,843 INFO  - Starting ServiceWrapper in the CLI mode
2021-09-08 11:36:15,183 FATAL - Unhandled exception
System.Exception: Unknown command: statys
   â winsw.WrapperService.Run(String[] _args, ServiceDescriptor descriptor)
   â winsw.WrapperService.Main(String[] args)
2021-09-08 11:36:17,152 INFO  - Starting ServiceWrapper in the CLI mode
2021-09-08 11:36:17,469 WARN  - User requested the status
2021-09-08 11:36:17,473 INFO  - Completed. Exit code is 0
2021-09-08 11:36:19,987 INFO  - Starting ServiceWrapper in the CLI mode
2021-09-08 11:36:20,502 INFO  - Starting ServiceWrapper in the service mode
2021-09-08 11:36:20,522 INFO  - Completed. Exit code is 0
2021-09-08 11:36:20,533 INFO  - Starting java  -Dspring.application.admin.enabled=true -Dcom.sun.management.jmxremote.port=50201 -Dcom.sun.management.jmxremote.authenticate=false -Dcom.sun.management.jmxremote.ssl=false -jar SpringBootWindowsService.jar 
2021-09-08 11:36:20,543 INFO  - Starting java  -Dspring.application.admin.enabled=true -Dcom.sun.management.jmxremote.port=50201 -Dcom.sun.management.jmxremote.authenticate=false -Dcom.sun.management.jmxremote.ssl=false -jar SpringBootWindowsService.jar 
2021-09-08 11:36:20,653 INFO  - Started process 10384
2021-09-08 11:36:22,253 INFO  - Starting ServiceWrapper in the CLI mode
2021-09-08 11:36:22,563 WARN  - User requested the status
2021-09-08 11:36:22,572 INFO  - Completed. Exit code is 0
2021-09-08 11:36:28,133 INFO  - Starting ServiceWrapper in the CLI mode
2021-09-08 11:36:28,453 WARN  - User requested the status
2021-09-08 11:36:28,463 INFO  - Completed. Exit code is 0
2021-09-08 11:36:43,102 INFO  - Starting ServiceWrapper in the CLI mode
2021-09-08 11:36:43,458 INFO  - Completed. Exit code is 0
2021-09-08 11:36:43,463 INFO  - Stopping yev
2021-09-08 11:36:43,472 INFO  - Started process 18416
2021-09-08 11:36:43,472 DEBUG - WaitForProcessToExit 10384+18416
2021-09-08 11:37:04,283 INFO  - Starting ServiceWrapper in the CLI mode
2021-09-08 11:37:04,623 FATAL - WMI Operation failure: ServiceAlreadyRunning
WMI.WmiException: ServiceAlreadyRunning
   â WMI.WmiRoot.BaseHandler.CheckError(ManagementBaseObject result)
   â WMI.WmiRoot.InstanceHandler.Invoke(Object proxy, MethodInfo method, Object[] args)
   â WMI.Win32ServiceProxy.StartService()
   â winsw.WrapperService.Run(String[] _args, ServiceDescriptor descriptor)
   â winsw.WrapperService.Main(String[] args)
2021-09-08 11:37:11,873 INFO  - Starting ServiceWrapper in the CLI mode
2021-09-08 11:37:12,201 WARN  - User requested the status
2021-09-08 11:37:12,203 INFO  - Completed. Exit code is 0
2021-09-08 11:40:11,903 INFO  - Starting ServiceWrapper in the CLI mode
2021-09-08 11:40:12,233 FATAL - WMI Operation failure: ServiceAlreadyRunning
WMI.WmiException: ServiceAlreadyRunning
   â WMI.WmiRoot.BaseHandler.CheckError(ManagementBaseObject result)
   â WMI.WmiRoot.InstanceHandler.Invoke(Object proxy, MethodInfo method, Object[] args)
   â WMI.Win32ServiceProxy.StartService()
   â winsw.WrapperService.Run(String[] _args, ServiceDescriptor descriptor)
   â winsw.WrapperService.Main(String[] args)
2021-09-08 11:40:15,068 INFO  - Starting ServiceWrapper in the CLI mode
2021-09-08 11:40:15,373 FATAL - WMI Operation failure: InvalidServiceControl
WMI.WmiException: InvalidServiceControl
   â WMI.WmiRoot.BaseHandler.CheckError(ManagementBaseObject result)
   â WMI.WmiRoot.InstanceHandler.Invoke(Object proxy, MethodInfo method, Object[] args)
   â WMI.Win32ServiceProxy.StopService()
   â winsw.WrapperService.Run(String[] _args, ServiceDescriptor descriptor)
   â winsw.WrapperService.Main(String[] args)
2021-09-08 11:45:11,783 INFO  - Starting ServiceWrapper in the CLI mode
2021-09-08 11:45:12,133 INFO  - Completed. Exit code is 0
2021-09-08 11:45:17,157 INFO  - Starting ServiceWrapper in the CLI mode
2021-09-08 11:45:17,463 WARN  - User requested the status
2021-09-08 11:45:17,463 INFO  - Completed. Exit code is 0
2021-09-08 11:45:20,363 INFO  - Starting ServiceWrapper in the CLI mode
2021-09-08 11:45:20,803 INFO  - Starting ServiceWrapper in the service mode
2021-09-08 11:45:20,823 INFO  - Completed. Exit code is 0
2021-09-08 11:45:21,298 INFO  - Starting java  -Dspring.application.admin.enabled=true -Dcom.sun.management.jmxremote.port=50201 -Dcom.sun.management.jmxremote.authenticate=false -Dcom.sun.management.jmxremote.ssl=false -jar SpringBootWindowsService.jar 
2021-09-08 11:45:21,298 INFO  - Starting java  -Dspring.application.admin.enabled=true -Dcom.sun.management.jmxremote.port=50201 -Dcom.sun.management.jmxremote.authenticate=false -Dcom.sun.management.jmxremote.ssl=false -jar SpringBootWindowsService.jar 
2021-09-08 11:45:21,398 INFO  - Started process 17376
2021-09-08 11:45:23,473 INFO  - Starting ServiceWrapper in the CLI mode
2021-09-08 11:45:23,783 WARN  - User requested the status
2021-09-08 11:45:23,783 INFO  - Completed. Exit code is 0
2021-09-08 11:45:48,714 INFO  - Stopping ttt
2021-09-08 11:45:48,720 INFO  - Started process 12072
2021-09-08 11:45:48,721 DEBUG - WaitForProcessToExit 17376+12072
2021-09-08 11:45:53,093 INFO  - Finished ttt
2021-09-08 11:45:53,093 INFO  - Completed. Exit code is 0
2021-09-08 11:46:05,288 INFO  - Starting ServiceWrapper in the CLI mode
2021-09-08 11:46:05,583 WARN  - User requested the status
2021-09-08 11:46:05,593 INFO  - Completed. Exit code is 0
2021-09-08 11:46:09,423 INFO  - Starting ServiceWrapper in the CLI mode
2021-09-08 11:46:09,893 INFO  - Starting ServiceWrapper in the service mode
2021-09-08 11:46:09,913 INFO  - Completed. Exit code is 0
2021-09-08 11:46:09,923 INFO  - Starting java  -Dspring.application.admin.enabled=true -Dcom.sun.management.jmxremote.port=50201 -Dcom.sun.management.jmxremote.authenticate=false -Dcom.sun.management.jmxremote.ssl=false -jar SpringBootWindowsService.jar 
2021-09-08 11:46:09,923 INFO  - Starting java  -Dspring.application.admin.enabled=true -Dcom.sun.management.jmxremote.port=50201 -Dcom.sun.management.jmxremote.authenticate=false -Dcom.sun.management.jmxremote.ssl=false -jar SpringBootWindowsService.jar 
2021-09-08 11:46:10,023 INFO  - Started process 8132
2021-09-08 11:46:14,225 INFO  - Starting ServiceWrapper in the CLI mode
2021-09-08 11:46:14,533 WARN  - User requested the status
2021-09-08 11:46:14,533 INFO  - Completed. Exit code is 0
2021-09-08 11:46:20,623 INFO  - Starting ServiceWrapper in the CLI mode
2021-09-08 11:46:20,934 INFO  - Completed. Exit code is 0
2021-09-08 11:46:20,934 INFO  - Stopping ttt
2021-09-08 11:46:20,943 INFO  - Started process 5860
2021-09-08 11:46:20,943 DEBUG - WaitForProcessToExit 8132+5860
2021-09-08 11:46:23,893 INFO  - Starting ServiceWrapper in the CLI mode
2021-09-08 11:46:24,193 WARN  - User requested the status
2021-09-08 11:46:24,193 INFO  - Completed. Exit code is 0
2021-09-08 11:46:25,273 INFO  - Finished ttt
2021-09-08 11:46:25,273 INFO  - Completed. Exit code is 0
2021-09-08 11:46:28,723 INFO  - Starting ServiceWrapper in the CLI mode
2021-09-08 11:46:29,033 WARN  - User requested the status
2021-09-08 11:46:29,033 INFO  - Completed. Exit code is 0
2021-09-08 11:46:39,373 INFO  - Starting ServiceWrapper in the CLI mode
2021-09-08 11:46:39,683 WARN  - User requested the status
2021-09-08 11:46:39,683 INFO  - Completed. Exit code is 0
2021-09-08 11:46:41,353 INFO  - Starting ServiceWrapper in the CLI mode
2021-09-08 11:46:41,793 INFO  - Starting ServiceWrapper in the service mode
2021-09-08 11:46:41,813 INFO  - Completed. Exit code is 0
2021-09-08 11:46:41,823 INFO  - Starting java  -Dspring.application.admin.enabled=true -Dcom.sun.management.jmxremote.port=50201 -Dcom.sun.management.jmxremote.authenticate=false -Dcom.sun.management.jmxremote.ssl=false -jar SpringBootWindowsService.jar 
2021-09-08 11:46:41,823 INFO  - Starting java  -Dspring.application.admin.enabled=true -Dcom.sun.management.jmxremote.port=50201 -Dcom.sun.management.jmxremote.authenticate=false -Dcom.sun.management.jmxremote.ssl=false -jar SpringBootWindowsService.jar 
2021-09-08 11:46:41,923 INFO  - Started process 18012
2021-09-08 11:46:57,923 INFO  - Starting ServiceWrapper in the CLI mode
2021-09-08 11:46:58,243 INFO  - Completed. Exit code is 0
2021-09-08 11:46:58,243 INFO  - Stopping ttt
2021-09-08 11:46:58,253 INFO  - Started process 1140
2021-09-08 11:46:58,253 DEBUG - WaitForProcessToExit 18012+1140
2021-09-08 11:47:02,568 INFO  - Finished ttt
2021-09-08 11:47:02,573 INFO  - Completed. Exit code is 0
2021-09-08 11:47:06,373 INFO  - Starting ServiceWrapper in the CLI mode
2021-09-08 11:47:06,683 WARN  - User requested the status
2021-09-08 11:47:06,683 INFO  - Completed. Exit code is 0
2021-09-08 12:54:39,034 INFO  - Starting ServiceWrapper in the CLI mode
2021-09-08 12:54:39,348 WARN  - User requested the status
2021-09-08 12:54:39,349 INFO  - Completed. Exit code is 0
2021-09-08 12:54:44,130 INFO  - Starting ServiceWrapper in the CLI mode
2021-09-08 12:54:44,453 INFO  - Completed. Exit code is 0
2021-09-08 12:54:48,027 INFO  - Starting ServiceWrapper in the CLI mode
2021-09-08 12:54:48,491 INFO  - Starting ServiceWrapper in the service mode
2021-09-08 12:54:48,513 INFO  - Completed. Exit code is 0
2021-09-08 12:54:48,594 INFO  - Starting java  -Dspring.application.admin.enabled=true -Dcom.sun.management.jmxremote.port=50201 -Dcom.sun.management.jmxremote.authenticate=false -Dcom.sun.management.jmxremote.ssl=false -jar SpringBootWindowsService.jar 
2021-09-08 12:54:48,597 INFO  - Starting java  -Dspring.application.admin.enabled=true -Dcom.sun.management.jmxremote.port=50201 -Dcom.sun.management.jmxremote.authenticate=false -Dcom.sun.management.jmxremote.ssl=false -jar SpringBootWindowsService.jar 
2021-09-08 12:54:48,705 INFO  - Started process 17896
2021-09-08 12:54:52,089 INFO  - Starting ServiceWrapper in the CLI mode
2021-09-08 12:54:52,401 WARN  - User requested the status
2021-09-08 12:54:52,405 INFO  - Completed. Exit code is 0
2021-09-08 12:54:59,850 INFO  - Starting ServiceWrapper in the CLI mode
2021-09-08 12:55:00,164 INFO  - Completed. Exit code is 0
2021-09-08 12:55:00,166 INFO  - Stopping grac
2021-09-08 12:55:00,167 DEBUG - ProcessKill 17896
2021-09-08 12:55:00,298 INFO  - Found child process: 12064 Name: conhost.exe
2021-09-08 12:55:00,337 INFO  - Stopping process 12064
2021-09-08 12:55:00,345 INFO  - Send SIGINT 12064
2021-09-08 12:55:00,346 WARN  - SIGINT to 12064 failed - Killing as fallback
2021-09-08 12:55:00,348 INFO  - Stopping process 17896
2021-09-08 12:55:00,354 INFO  - Send SIGINT 17896
2021-09-08 12:55:00,355 WARN  - SIGINT to 17896 failed - Killing as fallback
2021-09-08 12:55:00,358 INFO  - Finished grac
2021-09-08 12:55:00,358 INFO  - Completed. Exit code is 0
2021-09-08 12:55:05,665 INFO  - Starting ServiceWrapper in the CLI mode
2021-09-08 12:55:05,964 WARN  - User requested the status
2021-09-08 12:55:05,967 INFO  - Completed. Exit code is 0
2021-09-08 13:00:35,872 INFO  - Starting ServiceWrapper in the CLI mode
2021-09-08 13:00:36,378 INFO  - Starting ServiceWrapper in the service mode
2021-09-08 13:00:36,400 INFO  - Completed. Exit code is 0
2021-09-08 13:00:36,413 INFO  - Starting java  -Dspring.application.admin.enabled=true -Dcom.sun.management.jmxremote.port=50201 -Dcom.sun.management.jmxremote.authenticate=false -Dcom.sun.management.jmxremote.ssl=false -jar SpringBootWindowsService.jar 
2021-09-08 13:00:36,416 INFO  - Starting java  -Dspring.application.admin.enabled=true -Dcom.sun.management.jmxremote.port=50201 -Dcom.sun.management.jmxremote.authenticate=false -Dcom.sun.management.jmxremote.ssl=false -jar SpringBootWindowsService.jar 
2021-09-08 13:00:36,522 INFO  - Started process 17772
2021-09-08 13:00:39,034 INFO  - Starting ServiceWrapper in the CLI mode
2021-09-08 13:00:39,344 WARN  - User requested the status
2021-09-08 13:00:39,348 INFO  - Completed. Exit code is 0
2021-09-08 13:00:49,825 INFO  - Starting ServiceWrapper in the CLI mode
2021-09-08 13:00:50,136 INFO  - Completed. Exit code is 0
2021-09-08 13:00:50,138 INFO  - Stopping grac
2021-09-08 13:00:50,139 DEBUG - ProcessKill 17772
2021-09-08 13:00:50,238 INFO  - Found child process: 5804 Name: conhost.exe
2021-09-08 13:00:50,274 INFO  - Stopping process 5804
2021-09-08 13:00:50,283 INFO  - Send SIGINT 5804
2021-09-08 13:00:50,285 WARN  - SIGINT to 5804 failed - Killing as fallback
2021-09-08 13:00:50,287 INFO  - Stopping process 17772
2021-09-08 13:00:50,292 INFO  - Send SIGINT 17772
2021-09-08 13:00:50,292 WARN  - SIGINT to 17772 failed - Killing as fallback
2021-09-08 13:00:50,295 INFO  - Finished grac
2021-09-08 13:00:50,296 INFO  - Completed. Exit code is 0
2021-09-08 13:01:04,024 INFO  - Starting ServiceWrapper in the CLI mode
2021-09-08 13:01:04,325 WARN  - User requested the status
2021-09-08 13:01:04,329 INFO  - Completed. Exit code is 0
2021-09-08 13:02:06,604 INFO  - Starting ServiceWrapper in the CLI mode
2021-09-08 13:02:06,945 INFO  - Uninstalling the service with id 'grac'
2021-09-08 13:02:06,955 INFO  - Completed. Exit code is 0
2021-09-08 13:02:11,632 INFO  - Starting ServiceWrapper in the CLI mode
2021-09-08 13:02:11,952 INFO  - Completed. Exit code is 0
2021-09-08 13:02:23,225 INFO  - Starting ServiceWrapper in the CLI mode
2021-09-08 13:02:23,666 INFO  - Starting ServiceWrapper in the service mode
2021-09-08 13:02:23,684 INFO  - Completed. Exit code is 0
2021-09-08 13:02:23,693 INFO  - Starting java  -Dspring.application.admin.enabled=true -Dcom.sun.management.jmxremote.port=50201 -Dcom.sun.management.jmxremote.authenticate=false -Dcom.sun.management.jmxremote.ssl=false -jar SpringBootWindowsService.jar 
2021-09-08 13:02:23,696 INFO  - Starting java  -Dspring.application.admin.enabled=true -Dcom.sun.management.jmxremote.port=50201 -Dcom.sun.management.jmxremote.authenticate=false -Dcom.sun.management.jmxremote.ssl=false -jar SpringBootWindowsService.jar 
2021-09-08 13:02:23,793 INFO  - Started process 18220
2021-09-08 13:02:33,769 INFO  - Starting ServiceWrapper in the CLI mode
2021-09-08 13:02:34,072 WARN  - User requested the status
2021-09-08 13:02:34,076 INFO  - Completed. Exit code is 0
2021-09-08 13:02:36,312 INFO  - Starting ServiceWrapper in the CLI mode
2021-09-08 13:02:36,625 INFO  - Completed. Exit code is 0
2021-09-08 13:02:36,627 INFO  - Stopping grac
2021-09-08 13:02:36,628 DEBUG - ProcessKill 18220
2021-09-08 13:02:36,723 INFO  - Found child process: 17968 Name: conhost.exe
2021-09-08 13:02:36,762 INFO  - Stopping process 17968
2021-09-08 13:02:36,768 INFO  - Send SIGINT 17968
2021-09-08 13:02:36,769 WARN  - SIGINT to 17968 failed - Killing as fallback
2021-09-08 13:02:36,771 INFO  - Stopping process 18220
2021-09-08 13:02:36,777 INFO  - Send SIGINT 18220
2021-09-08 13:02:36,777 WARN  - SIGINT to 18220 failed - Killing as fallback
2021-09-08 13:02:36,779 INFO  - Finished grac
2021-09-08 13:02:36,780 INFO  - Completed. Exit code is 0
2021-09-08 13:02:44,601 INFO  - Starting ServiceWrapper in the CLI mode
2021-09-08 13:02:44,909 WARN  - User requested the status
2021-09-08 13:02:44,912 INFO  - Completed. Exit code is 0
2021-09-08 13:04:42,801 INFO  - Starting ServiceWrapper in the CLI mode
2021-09-08 13:04:43,111 INFO  - Uninstalling the service with id 'grac'
2021-09-08 13:04:43,118 INFO  - Completed. Exit code is 0
2021-09-08 13:04:46,073 INFO  - Starting ServiceWrapper in the CLI mode
2021-09-08 13:04:46,392 INFO  - Completed. Exit code is 0
2021-09-08 13:04:49,260 INFO  - Starting ServiceWrapper in the CLI mode
2021-09-08 13:04:49,701 INFO  - Starting ServiceWrapper in the service mode
2021-09-08 13:04:49,720 INFO  - Completed. Exit code is 0
2021-09-08 13:04:49,732 INFO  - Starting java  -Dspring.application.admin.enabled=true -Dcom.sun.management.jmxremote.port=50201 -Dcom.sun.management.jmxremote.authenticate=false -Dcom.sun.management.jmxremote.ssl=false -jar SpringBootWindowsService.jar 
2021-09-08 13:04:49,735 INFO  - Starting java  -Dspring.application.admin.enabled=true -Dcom.sun.management.jmxremote.port=50201 -Dcom.sun.management.jmxremote.authenticate=false -Dcom.sun.management.jmxremote.ssl=false -jar SpringBootWindowsService.jar 
2021-09-08 13:04:49,832 INFO  - Started process 14852
2021-09-08 13:04:58,667 INFO  - Starting ServiceWrapper in the CLI mode
2021-09-08 13:04:58,968 WARN  - User requested the status
2021-09-08 13:04:58,971 INFO  - Completed. Exit code is 0
2021-09-08 13:05:04,741 INFO  - Starting ServiceWrapper in the CLI mode
2021-09-08 13:05:05,047 INFO  - Completed. Exit code is 0
2021-09-08 13:05:05,050 INFO  - Stopping grac
2021-09-08 13:05:05,051 DEBUG - ProcessKill 14852
2021-09-08 13:05:05,129 INFO  - Found child process: 15828 Name: conhost.exe
2021-09-08 13:05:05,168 INFO  - Stopping process 15828
2021-09-08 13:05:05,173 INFO  - Send SIGINT 15828
2021-09-08 13:05:05,175 WARN  - SIGINT to 15828 failed - Killing as fallback
2021-09-08 13:05:05,177 INFO  - Stopping process 14852
2021-09-08 13:05:05,181 INFO  - Send SIGINT 14852
2021-09-08 13:05:05,182 WARN  - SIGINT to 14852 failed - Killing as fallback
2021-09-08 13:05:05,184 INFO  - Finished grac
2021-09-08 13:05:05,185 INFO  - Completed. Exit code is 0
2021-09-08 13:05:09,220 INFO  - Starting ServiceWrapper in the CLI mode
2021-09-08 13:05:09,524 WARN  - User requested the status
2021-09-08 13:05:09,527 INFO  - Completed. Exit code is 0
2021-09-08 21:32:31,825 INFO  - Starting ServiceWrapper in the service mode
2021-09-08 21:32:31,984 INFO  - Starting java  -Dspring.application.admin.enabled=true -Dcom.sun.management.jmxremote.port=50201 -Dcom.sun.management.jmxremote.authenticate=false -Dcom.sun.management.jmxremote.ssl=false -jar SpringBootWindowsService.jar 
2021-09-08 21:32:31,996 INFO  - Starting java  -Dspring.application.admin.enabled=true -Dcom.sun.management.jmxremote.port=50201 -Dcom.sun.management.jmxremote.authenticate=false -Dcom.sun.management.jmxremote.ssl=false -jar SpringBootWindowsService.jar 
2021-09-08 21:32:32,016 INFO  - Started process 6540
2021-09-09 09:23:05,120 INFO  - Starting ServiceWrapper in the CLI mode
2021-09-09 09:23:06,288 WARN  - User requested the status
2021-09-09 09:23:06,301 INFO  - Completed. Exit code is 0
2021-09-09 09:23:12,098 INFO  - Starting ServiceWrapper in the CLI mode
2021-09-09 09:23:12,660 INFO  - Uninstalling the service with id 'grac'
2021-09-09 09:23:12,687 INFO  - Completed. Exit code is 0
2021-09-09 09:23:17,444 INFO  - Starting ServiceWrapper in the CLI mode
2021-09-09 09:23:18,788 INFO  - Completed. Exit code is 0
2021-09-09 09:23:26,203 INFO  - Starting ServiceWrapper in the CLI mode
2021-09-09 09:23:28,229 INFO  - Starting ServiceWrapper in the service mode
2021-09-09 09:23:28,307 INFO  - Completed. Exit code is 0
2021-09-09 09:23:28,371 INFO  - Starting java  -Dspring.application.admin.enabled=true -Dcom.sun.management.jmxremote.port=50201 -Dcom.sun.management.jmxremote.authenticate=false -Dcom.sun.management.jmxremote.ssl=false -jar SpringBootWindowsService.jar 
2021-09-09 09:23:28,383 INFO  - Starting java  -Dspring.application.admin.enabled=true -Dcom.sun.management.jmxremote.port=50201 -Dcom.sun.management.jmxremote.authenticate=false -Dcom.sun.management.jmxremote.ssl=false -jar SpringBootWindowsService.jar 
2021-09-09 09:23:28,749 INFO  - Started process 5736
2021-09-09 09:23:30,940 INFO  - Starting ServiceWrapper in the CLI mode
2021-09-09 09:23:32,065 WARN  - User requested the status
2021-09-09 09:23:32,076 INFO  - Completed. Exit code is 0
2021-09-09 09:23:58,885 INFO  - Stopping grac
2021-09-09 09:23:58,887 DEBUG - ProcessKill 5736
2021-09-09 09:23:59,322 INFO  - Found child process: 6080 Name: conhost.exe
2021-09-09 09:23:59,440 INFO  - Stopping process 6080
2021-09-09 09:23:59,458 INFO  - Send SIGINT 6080
2021-09-09 09:23:59,464 WARN  - SIGINT to 6080 failed - Killing as fallback
2021-09-09 09:23:59,471 INFO  - Stopping process 5736
2021-09-09 09:23:59,483 INFO  - Send SIGINT 5736
2021-09-09 09:23:59,484 WARN  - SIGINT to 5736 failed - Killing as fallback
2021-09-09 09:23:59,492 INFO  - Finished grac
2021-09-09 09:23:59,495 INFO  - Completed. Exit code is 0
2021-09-09 09:27:38,496 INFO  - Starting ServiceWrapper in the CLI mode
2021-09-09 09:27:39,728 WARN  - User requested the status
2021-09-09 09:27:39,737 INFO  - Completed. Exit code is 0
2021-09-09 09:27:47,471 INFO  - Starting ServiceWrapper in the CLI mode
2021-09-09 09:27:48,585 INFO  - Uninstalling the service with id 'grac'
2021-09-09 09:27:48,606 INFO  - Completed. Exit code is 0
2021-09-09 09:27:52,465 INFO  - Starting ServiceWrapper in the CLI mode
2021-09-09 09:27:53,621 INFO  - Completed. Exit code is 0
2021-09-09 09:27:56,476 INFO  - Starting ServiceWrapper in the CLI mode
2021-09-09 09:27:58,149 INFO  - Starting ServiceWrapper in the service mode
2021-09-09 09:27:58,217 INFO  - Completed. Exit code is 0
2021-09-09 09:27:58,248 INFO  - Starting java  -Dspring.application.admin.enabled=true -Dcom.sun.management.jmxremote.port=50201 -Dcom.sun.management.jmxremote.authenticate=false -Dcom.sun.management.jmxremote.ssl=false -jar SpringBootWindowsService.jar 
2021-09-09 09:27:58,258 INFO  - Starting java  -Dspring.application.admin.enabled=true -Dcom.sun.management.jmxremote.port=50201 -Dcom.sun.management.jmxremote.authenticate=false -Dcom.sun.management.jmxremote.ssl=false -jar SpringBootWindowsService.jar 
2021-09-09 09:27:58,610 INFO  - Started process 9016
2021-09-09 09:28:01,888 INFO  - Starting ServiceWrapper in the CLI mode
2021-09-09 09:28:03,073 WARN  - User requested the status
2021-09-09 09:28:03,084 INFO  - Completed. Exit code is 0
2021-09-09 09:28:32,600 INFO  - Starting ServiceWrapper in the CLI mode
2021-09-09 09:28:33,827 INFO  - Completed. Exit code is 0
2021-09-09 09:28:33,834 INFO  - Stopping grac
2021-09-09 09:28:33,836 DEBUG - ProcessKill 9016
2021-09-09 09:28:34,098 INFO  - Found child process: 8316 Name: conhost.exe
2021-09-09 09:28:34,213 INFO  - Stopping process 8316
2021-09-09 09:28:34,226 INFO  - Send SIGINT 8316
2021-09-09 09:28:34,231 WARN  - SIGINT to 8316 failed - Killing as fallback
2021-09-09 09:28:34,237 INFO  - Stopping process 9016
2021-09-09 09:28:34,249 INFO  - Send SIGINT 9016
2021-09-09 09:28:34,250 WARN  - SIGINT to 9016 failed - Killing as fallback
2021-09-09 09:28:34,257 INFO  - Finished grac
2021-09-09 09:28:34,260 INFO  - Completed. Exit code is 0
2021-09-09 09:28:41,174 INFO  - Starting ServiceWrapper in the CLI mode
2021-09-09 09:28:42,242 WARN  - User requested the status
2021-09-09 09:28:42,251 INFO  - Completed. Exit code is 0
2021-09-09 09:33:13,310 INFO  - Starting ServiceWrapper in the CLI mode
2021-09-09 09:33:14,901 INFO  - Starting ServiceWrapper in the service mode
2021-09-09 09:33:14,968 INFO  - Completed. Exit code is 0
2021-09-09 09:33:15,004 INFO  - Starting java  -Dspring.application.admin.enabled=true -Dcom.sun.management.jmxremote.port=50201 -Dcom.sun.management.jmxremote.authenticate=false -Dcom.sun.management.jmxremote.ssl=false -jar SpringBootWindowsService.jar 
2021-09-09 09:33:15,014 INFO  - Starting java  -Dspring.application.admin.enabled=true -Dcom.sun.management.jmxremote.port=50201 -Dcom.sun.management.jmxremote.authenticate=false -Dcom.sun.management.jmxremote.ssl=false -jar SpringBootWindowsService.jar 
2021-09-09 09:33:15,360 INFO  - Started process 3224
2021-09-09 09:33:29,233 INFO  - Starting ServiceWrapper in the CLI mode
2021-09-09 09:33:30,355 WARN  - User requested the status
2021-09-09 09:33:30,367 INFO  - Completed. Exit code is 0
2021-09-09 09:33:40,408 INFO  - Starting ServiceWrapper in the CLI mode
2021-09-09 09:33:41,535 INFO  - Completed. Exit code is 0
2021-09-09 09:33:41,542 INFO  - Stopping grac
2021-09-09 09:33:41,544 DEBUG - ProcessKill 3224
2021-09-09 09:33:41,791 INFO  - Found child process: 15232 Name: conhost.exe
2021-09-09 09:33:41,900 INFO  - Stopping process 15232
2021-09-09 09:33:41,913 INFO  - Send SIGINT 15232
2021-09-09 09:33:41,918 WARN  - SIGINT to 15232 failed - Killing as fallback
2021-09-09 09:33:41,924 INFO  - Stopping process 3224
2021-09-09 09:33:41,936 INFO  - Send SIGINT 3224
2021-09-09 09:33:41,937 WARN  - SIGINT to 3224 failed - Killing as fallback
2021-09-09 09:33:41,944 INFO  - Finished grac
2021-09-09 09:33:41,946 INFO  - Completed. Exit code is 0
2021-09-09 09:35:29,551 INFO  - Starting ServiceWrapper in the CLI mode
2021-09-09 09:35:31,223 INFO  - Starting ServiceWrapper in the service mode
2021-09-09 09:35:31,290 INFO  - Completed. Exit code is 0
2021-09-09 09:35:31,323 INFO  - Starting java  -Dspring.application.admin.enabled=true -Dcom.sun.management.jmxremote.port=50201 -Dcom.sun.management.jmxremote.authenticate=false -Dcom.sun.management.jmxremote.ssl=false -jar SpringBootWindowsService.jar 
2021-09-09 09:35:31,333 INFO  - Starting java  -Dspring.application.admin.enabled=true -Dcom.sun.management.jmxremote.port=50201 -Dcom.sun.management.jmxremote.authenticate=false -Dcom.sun.management.jmxremote.ssl=false -jar SpringBootWindowsService.jar 
2021-09-09 09:35:31,678 INFO  - Started process 1284
2021-09-09 09:35:42,783 INFO  - Starting ServiceWrapper in the CLI mode
2021-09-09 09:35:44,035 WARN  - User requested the status
2021-09-09 09:35:44,045 INFO  - Completed. Exit code is 0
2021-09-09 09:35:46,419 INFO  - Starting ServiceWrapper in the CLI mode
2021-09-09 09:35:47,509 INFO  - Completed. Exit code is 0
2021-09-09 09:35:47,516 INFO  - Stopping grac
2021-09-09 09:35:47,536 INFO  - Started process 1112
2021-09-09 09:35:47,539 DEBUG - WaitForProcessToExit 1284+1112
2021-09-09 09:35:53,213 INFO  - Starting ServiceWrapper in the CLI mode
2021-09-09 09:35:54,280 WARN  - User requested the status
2021-09-09 09:35:54,290 INFO  - Completed. Exit code is 0
2021-09-09 09:35:55,109 INFO  - Finished grac
2021-09-09 09:35:55,111 INFO  - Completed. Exit code is 0
2021-09-09 09:35:57,461 INFO  - Starting ServiceWrapper in the CLI mode
2021-09-09 09:35:58,526 WARN  - User requested the status
2021-09-09 09:35:58,536 INFO  - Completed. Exit code is 0
2021-09-09 09:36:03,144 INFO  - Starting ServiceWrapper in the CLI mode
2021-09-09 09:36:04,316 WARN  - User requested the status
2021-09-09 09:36:04,326 INFO  - Completed. Exit code is 0
2021-09-09 09:38:05,387 INFO  - Starting ServiceWrapper in the CLI mode
2021-09-09 09:38:06,487 INFO  - Completed. Exit code is 0
2021-09-09 09:38:10,320 INFO  - Starting ServiceWrapper in the CLI mode
2021-09-09 09:38:11,873 INFO  - Starting ServiceWrapper in the service mode
2021-09-09 09:38:11,940 INFO  - Completed. Exit code is 0
2021-09-09 09:38:12,463 INFO  - Starting java  -Dspring.application.admin.enabled=true -Dcom.sun.management.jmxremote.port=50201 -Dcom.sun.management.jmxremote.authenticate=false -Dcom.sun.management.jmxremote.ssl=false -jar SpringBootWindowsService.jar 
2021-09-09 09:38:12,474 INFO  - Starting java  -Dspring.application.admin.enabled=true -Dcom.sun.management.jmxremote.port=50201 -Dcom.sun.management.jmxremote.authenticate=false -Dcom.sun.management.jmxremote.ssl=false -jar SpringBootWindowsService.jar 
2021-09-09 09:38:12,822 INFO  - Started process 1052
2021-09-09 09:38:18,513 INFO  - Starting ServiceWrapper in the CLI mode
2021-09-09 09:38:19,616 WARN  - User requested the status
2021-09-09 09:38:19,627 INFO  - Completed. Exit code is 0
2021-09-09 09:38:39,682 INFO  - Stopping springHttp
2021-09-09 09:38:39,705 INFO  - Started process 1784
2021-09-09 09:38:39,708 DEBUG - WaitForProcessToExit 1052+1784
2021-09-09 09:38:47,227 INFO  - Finished springHttp
2021-09-09 09:38:47,229 INFO  - Completed. Exit code is 0
2021-09-09 09:39:48,991 INFO  - Starting ServiceWrapper in the CLI mode
2021-09-09 09:39:50,290 INFO  - Uninstalling the service with id 'springHttp'
2021-09-09 09:39:50,311 INFO  - Completed. Exit code is 0
2021-09-09 09:41:25,042 INFO  - Starting ServiceWrapper in the CLI mode
2021-09-09 09:41:26,302 INFO  - Completed. Exit code is 0
2021-09-09 09:41:31,154 INFO  - Starting ServiceWrapper in the CLI mode
2021-09-09 09:41:32,696 INFO  - Starting ServiceWrapper in the service mode
2021-09-09 09:41:32,764 INFO  - Completed. Exit code is 0
2021-09-09 09:41:32,796 INFO  - Starting java  -Dspring.application.admin.enabled=true -Dcom.sun.management.jmxremote.port=50201 -Dcom.sun.management.jmxremote.authenticate=false -Dcom.sun.management.jmxremote.ssl=false -jar SpringBootWindowsService.jar 
2021-09-09 09:41:32,805 INFO  - Starting java  -Dspring.application.admin.enabled=true -Dcom.sun.management.jmxremote.port=50201 -Dcom.sun.management.jmxremote.authenticate=false -Dcom.sun.management.jmxremote.ssl=false -jar SpringBootWindowsService.jar 
2021-09-09 09:41:33,149 INFO  - Started process 17144
2021-09-09 09:41:41,479 INFO  - Starting ServiceWrapper in the CLI mode
2021-09-09 09:41:42,714 WARN  - User requested the status
2021-09-09 09:41:42,724 INFO  - Completed. Exit code is 0
2021-09-09 09:41:59,371 INFO  - Starting ServiceWrapper in the CLI mode
2021-09-09 09:42:00,640 INFO  - Completed. Exit code is 0
2021-09-09 09:42:00,647 INFO  - Stopping springHttp
2021-09-09 09:42:00,666 INFO  - Started process 12624
2021-09-09 09:42:00,668 DEBUG - WaitForProcessToExit 17144+12624
2021-09-09 09:42:08,095 INFO  - Finished springHttp
2021-09-09 09:42:08,097 INFO  - Completed. Exit code is 0
2021-09-09 09:42:20,193 INFO  - Starting ServiceWrapper in the CLI mode
2021-09-09 09:42:21,273 INFO  - Uninstalling the service with id 'springHttp'
2021-09-09 09:42:21,292 INFO  - Completed. Exit code is 0
2021-09-09 10:14:12,846 INFO  - Starting ServiceWrapper in the CLI mode
2021-09-09 10:14:14,056 WARN  - User requested the status
2021-09-09 10:14:14,060 INFO  - Completed. Exit code is 0
2021-09-09 10:14:19,386 INFO  - Starting ServiceWrapper in the CLI mode
2021-09-09 10:14:20,505 INFO  - Completed. Exit code is 0
2021-09-09 10:14:25,398 INFO  - Starting ServiceWrapper in the CLI mode
2021-09-09 10:14:27,002 INFO  - Starting ServiceWrapper in the service mode
2021-09-09 10:14:27,080 INFO  - Completed. Exit code is 0
2021-09-09 10:14:27,146 INFO  - Starting java  -Dspring.application.admin.enabled=true -Dcom.sun.management.jmxremote.port=50201 -Dcom.sun.management.jmxremote.authenticate=false -Dcom.sun.management.jmxremote.ssl=false -jar SpringBootWindowsService.jar 
2021-09-09 10:14:27,160 INFO  - Starting java  -Dspring.application.admin.enabled=true -Dcom.sun.management.jmxremote.port=50201 -Dcom.sun.management.jmxremote.authenticate=false -Dcom.sun.management.jmxremote.ssl=false -jar SpringBootWindowsService.jar 
2021-09-09 10:14:27,533 INFO  - Started process 8248
2021-09-09 10:14:32,296 INFO  - Starting ServiceWrapper in the CLI mode
2021-09-09 10:14:33,471 WARN  - User requested the status
2021-09-09 10:14:33,482 INFO  - Completed. Exit code is 0
2021-09-09 10:14:50,465 INFO  - Starting ServiceWrapper in the CLI mode
2021-09-09 10:14:51,710 INFO  - Completed. Exit code is 0
2021-09-09 10:14:51,724 INFO  - Stopping springHttp
2021-09-09 10:14:51,783 DEBUG - WaitForProcessToExit 8248+15796
2021-09-09 10:14:56,429 INFO  - Starting ServiceWrapper in the CLI mode
2021-09-09 10:14:57,514 WARN  - User requested the status
2021-09-09 10:14:57,524 INFO  - Completed. Exit code is 0
2021-09-09 10:14:59,283 INFO  - Finished springHttp
2021-09-09 10:14:59,285 INFO  - Completed. Exit code is 0
2021-09-09 10:15:05,050 INFO  - Starting ServiceWrapper in the CLI mode
2021-09-09 10:15:06,125 WARN  - User requested the status
2021-09-09 10:15:06,135 INFO  - Completed. Exit code is 0
